<?xml version="1.0" encoding="UTF-8"?>
<coverage generated="1687982647674" clover="3.2.0">
  <project timestamp="1687982647674" name="All files">
    <metrics statements="1" coveredstatements="0" conditionals="0" coveredconditionals="0" methods="0" coveredmethods="0" elements="1" coveredelements="0" complexity="0" loc="1" ncloc="1" packages="1" files="2" classes="2"/>
    <file name="env.d.ts" path="C:\Users\MF\Desktop\RS\weekly 3\example\src\env.d.ts">
      <metrics statements="0" coveredstatements="0" conditionals="0" coveredconditionals="0" methods="0" coveredmethods="0"/>
    </file>
    <file name="index.ts" path="C:\Users\MF\Desktop\RS\weekly 3\example\src\index.ts">
      <metrics statements="1" coveredstatements="0" conditionals="0" coveredconditionals="0" methods="0" coveredmethods="0"/>
      <line num="3" count="0" type="stmt"/>
    </file>
  </project>
</coverage>
